[2021-03-29 09:15:26,068] INFO Starting the log cleaner (kafka.log.LogCleaner)
[2021-03-29 09:15:26,116] INFO [kafka-log-cleaner-thread-0]: Starting (kafka.log.LogCleaner)
[2022-05-05 11:40:39,844] INFO Starting the log cleaner (kafka.log.LogCleaner)
[2022-05-05 11:40:39,893] INFO [kafka-log-cleaner-thread-0]: Starting (kafka.log.LogCleaner)
[2022-05-05 11:44:18,203] INFO Starting the log cleaner (kafka.log.LogCleaner)
[2022-05-05 11:44:19,244] INFO [kafka-log-cleaner-thread-0]: Starting (kafka.log.LogCleaner)
[2022-05-05 14:23:21,190] INFO Starting the log cleaner (kafka.log.LogCleaner)
[2022-05-05 14:23:21,981] INFO [kafka-log-cleaner-thread-0]: Starting (kafka.log.LogCleaner)
[2022-05-05 14:35:14,386] INFO Starting the log cleaner (kafka.log.LogCleaner)
[2022-05-05 14:35:14,435] INFO [kafka-log-cleaner-thread-0]: Starting (kafka.log.LogCleaner)
[2022-05-05 14:35:14,686] INFO Shutting down the log cleaner. (kafka.log.LogCleaner)
[2022-05-05 14:35:14,686] INFO [kafka-log-cleaner-thread-0]: Shutting down (kafka.log.LogCleaner)
[2022-05-05 14:35:14,686] INFO [kafka-log-cleaner-thread-0]: Stopped (kafka.log.LogCleaner)
[2022-05-05 14:35:14,686] INFO [kafka-log-cleaner-thread-0]: Shutdown completed (kafka.log.LogCleaner)
[2022-05-05 15:21:56,370] INFO Starting the log cleaner (kafka.log.LogCleaner)
[2022-05-05 15:21:56,417] INFO [kafka-log-cleaner-thread-0]: Starting (kafka.log.LogCleaner)
[2022-05-16 22:14:06,431] INFO Starting the log cleaner (kafka.log.LogCleaner)
[2022-05-16 22:14:06,516] INFO [kafka-log-cleaner-thread-0]: Starting (kafka.log.LogCleaner)
[2022-05-18 19:02:18,727] INFO Starting the log cleaner (kafka.log.LogCleaner)
[2022-05-18 19:02:18,809] INFO [kafka-log-cleaner-thread-0]: Starting (kafka.log.LogCleaner)
[2022-05-18 19:02:20,098] INFO Shutting down the log cleaner. (kafka.log.LogCleaner)
[2022-05-18 19:02:20,098] INFO [kafka-log-cleaner-thread-0]: Shutting down (kafka.log.LogCleaner)
[2022-05-18 19:02:20,099] INFO [kafka-log-cleaner-thread-0]: Stopped (kafka.log.LogCleaner)
[2022-05-18 19:02:20,099] INFO [kafka-log-cleaner-thread-0]: Shutdown completed (kafka.log.LogCleaner)
[2022-05-18 19:02:49,899] INFO Starting the log cleaner (kafka.log.LogCleaner)
[2022-05-18 19:02:49,988] INFO [kafka-log-cleaner-thread-0]: Starting (kafka.log.LogCleaner)
[2022-05-20 22:27:09,544] INFO Starting the log cleaner (kafka.log.LogCleaner)
[2022-05-20 22:27:09,625] INFO [kafka-log-cleaner-thread-0]: Starting (kafka.log.LogCleaner)
[2022-05-20 22:27:11,028] INFO Shutting down the log cleaner. (kafka.log.LogCleaner)
[2022-05-20 22:27:11,028] INFO [kafka-log-cleaner-thread-0]: Shutting down (kafka.log.LogCleaner)
[2022-05-20 22:27:11,029] INFO [kafka-log-cleaner-thread-0]: Stopped (kafka.log.LogCleaner)
[2022-05-20 22:27:11,029] INFO [kafka-log-cleaner-thread-0]: Shutdown completed (kafka.log.LogCleaner)
[2022-05-20 22:32:41,567] INFO Starting the log cleaner (kafka.log.LogCleaner)
[2022-05-20 22:32:41,666] INFO [kafka-log-cleaner-thread-0]: Starting (kafka.log.LogCleaner)
[2022-05-20 22:33:02,536] INFO Starting the log cleaner (kafka.log.LogCleaner)
[2022-05-20 22:33:02,616] INFO [kafka-log-cleaner-thread-0]: Starting (kafka.log.LogCleaner)
[2022-05-23 22:02:18,845] INFO Starting the log cleaner (kafka.log.LogCleaner)
[2022-05-23 22:02:18,890] INFO [kafka-log-cleaner-thread-0]: Starting (kafka.log.LogCleaner)
[2022-05-23 22:02:20,005] INFO Shutting down the log cleaner. (kafka.log.LogCleaner)
[2022-05-23 22:02:20,005] INFO [kafka-log-cleaner-thread-0]: Shutting down (kafka.log.LogCleaner)
[2022-05-23 22:02:20,005] INFO [kafka-log-cleaner-thread-0]: Stopped (kafka.log.LogCleaner)
[2022-05-23 22:02:20,005] INFO [kafka-log-cleaner-thread-0]: Shutdown completed (kafka.log.LogCleaner)
[2022-05-23 22:02:46,471] INFO Starting the log cleaner (kafka.log.LogCleaner)
[2022-05-23 22:02:46,519] INFO [kafka-log-cleaner-thread-0]: Starting (kafka.log.LogCleaner)
[2022-05-27 01:28:30,788] INFO Starting the log cleaner (kafka.log.LogCleaner)
[2022-05-27 01:28:31,019] INFO [kafka-log-cleaner-thread-0]: Starting (kafka.log.LogCleaner)
[2022-05-27 01:51:27,219] INFO Starting the log cleaner (kafka.log.LogCleaner)
[2022-05-27 01:51:27,268] INFO [kafka-log-cleaner-thread-0]: Starting (kafka.log.LogCleaner)
[2022-05-27 01:51:28,177] INFO Shutting down the log cleaner. (kafka.log.LogCleaner)
[2022-05-27 01:51:28,177] INFO [kafka-log-cleaner-thread-0]: Shutting down (kafka.log.LogCleaner)
[2022-05-27 01:51:28,178] INFO [kafka-log-cleaner-thread-0]: Stopped (kafka.log.LogCleaner)
[2022-05-27 01:51:28,178] INFO [kafka-log-cleaner-thread-0]: Shutdown completed (kafka.log.LogCleaner)
[2022-05-27 01:53:12,195] INFO Starting the log cleaner (kafka.log.LogCleaner)
[2022-05-27 01:53:12,240] INFO [kafka-log-cleaner-thread-0]: Starting (kafka.log.LogCleaner)
